2025-09-02 19:33:59,386 [INFO] Activator:176 - 


2025-09-02 19:33:59,390 [INFO] Activator:177 - !SESSION log4j initialized
2025-09-02 19:34:14,789 [INFO] LogOutputStream:77 - [STDOUT_REDIRECT] 
2025-09-02 19:34:22,927 [INFO] ApplicationProperties:184 - Using Application install path: C:\ST\STM32CubeIDE_1.19.0\STM32CubeIDE\plugins\com.st.stm32cube.common.mx_6.15.0.202507011659
2025-09-02 19:34:23,012 [INFO] DbMcusXml:78 - Set database path to: C:\ST\STM32CubeIDE_1.19.0\STM32CubeIDE\plugins\com.st.stm32cube.common.mx_6.15.0.202507011659\\db\/mcu/
2025-09-02 19:34:23,013 [INFO] ApiDb:274 - Set plugin database path to: C:\ST\STM32CubeIDE_1.19.0\STM32CubeIDE\plugins\com.st.stm32cube.common.mx_6.15.0.202507011659\\db\/plugins/boardmanager/
2025-09-02 19:34:23,016 [WARN] ApiDb:259 - Overriding images path with different value:  => C:\ST\STM32CubeIDE_1.19.0\STM32CubeIDE\plugins\com.st.stm32cube.common.mx_6.15.0.202507011659\\db\/plugins/mcufinder/images/
2025-09-02 19:34:23,061 [INFO] ApiDb:250 - Set database path to: C:\Users\yg_am\.stmcufinder\plugins\mcufinder//mcu/
2025-09-02 19:34:23,067 [INFO] DbMcusAds:125 - Set database path to: C:\Users\yg_am\.stmcufinder\plugins\mcufinder//mcu/
2025-09-02 19:34:23,081 [INFO] CrossReferenceDbSqlite:203 - Set database path to: C:\Users\yg_am\.stmcufinder\plugins\mcufinder//mcu/cs/
2025-09-02 19:34:23,781 [INFO] RulesReader:64 - Compatibility file has been processed (317 Rules)
2025-09-02 19:34:24,100 [INFO] DbMcusXml:78 - Set database path to: C:\ST\STM32CubeIDE_1.19.0\STM32CubeIDE\plugins\com.st.stm32cube.common.mx_6.15.0.202507011659\\db\/mcu/
2025-09-02 19:34:24,100 [INFO] ApiDb:274 - Set plugin database path to: C:\ST\STM32CubeIDE_1.19.0\STM32CubeIDE\plugins\com.st.stm32cube.common.mx_6.15.0.202507011659\\db\/plugins/boardmanager/
2025-09-02 19:34:24,107 [INFO] ApiDb:261 - Set plugin images path to: C:\ST\STM32CubeIDE_1.19.0\STM32CubeIDE\plugins\com.st.stm32cube.common.mx_6.15.0.202507011659\\db\/plugins/mcufinder/images/
2025-09-02 19:34:24,112 [WARN] DbFile:41 - Overriding database path with different value: C:\Users\yg_am\.stmcufinder\plugins\mcufinder/ => C:\Users\yg_am\.stmcufinder\plugins\mcufinder
2025-09-02 19:34:24,114 [INFO] ApiDb:250 - Set database path to: C:\Users\yg_am\.stmcufinder\plugins\mcufinder//mcu/
2025-09-02 19:34:24,117 [WARN] DbFile:41 - Overriding database path with different value: C:\Users\yg_am\.stmcufinder\plugins\mcufinder/ => C:\Users\yg_am\.stmcufinder\plugins\mcufinder
2025-09-02 19:34:24,117 [INFO] DbMcusAds:125 - Set database path to: C:\Users\yg_am\.stmcufinder\plugins\mcufinder//mcu/
2025-09-02 19:34:24,119 [WARN] DbFile:41 - Overriding database path with different value: C:\Users\yg_am\.stmcufinder\plugins\mcufinder/ => C:\Users\yg_am\.stmcufinder\plugins\mcufinder
2025-09-02 19:34:24,120 [WARN] DbFile:41 - Overriding database path with different value: C:\Users\yg_am\.stmcufinder\plugins\mcufinder/ => C:\Users\yg_am\.stmcufinder\plugins\mcufinder
2025-09-02 19:34:24,121 [INFO] CrossReferenceDbSqlite:203 - Set database path to: C:\Users\yg_am\.stmcufinder\plugins\mcufinder//mcu/cs/
2025-09-02 19:34:24,387 [INFO] MainPanel:274 - HeapMemory: 268435456
2025-09-02 19:34:24,837 [INFO] DbMcusXml:78 - Set database path to: C:\ST\STM32CubeIDE_1.19.0\STM32CubeIDE\plugins\com.st.stm32cube.common.mx_6.15.0.202507011659\\db\/mcu/
2025-09-02 19:34:24,840 [INFO] ApiDb:274 - Set plugin database path to: C:\ST\STM32CubeIDE_1.19.0\STM32CubeIDE\plugins\com.st.stm32cube.common.mx_6.15.0.202507011659\\db\/plugins/boardmanager/
2025-09-02 19:34:24,842 [INFO] ApiDb:261 - Set plugin images path to: C:\ST\STM32CubeIDE_1.19.0\STM32CubeIDE\plugins\com.st.stm32cube.common.mx_6.15.0.202507011659\\db\/plugins/mcufinder/images/
2025-09-02 19:34:24,843 [WARN] DbFile:41 - Overriding database path with different value: C:\Users\yg_am\.stmcufinder\plugins\mcufinder/ => C:\Users\yg_am\.stmcufinder\plugins\mcufinder
2025-09-02 19:34:24,843 [INFO] ApiDb:250 - Set database path to: C:\Users\yg_am\.stmcufinder\plugins\mcufinder//mcu/
2025-09-02 19:34:24,844 [WARN] DbFile:41 - Overriding database path with different value: C:\Users\yg_am\.stmcufinder\plugins\mcufinder/ => C:\Users\yg_am\.stmcufinder\plugins\mcufinder
2025-09-02 19:34:24,844 [INFO] DbMcusAds:125 - Set database path to: C:\Users\yg_am\.stmcufinder\plugins\mcufinder//mcu/
2025-09-02 19:34:24,845 [WARN] DbFile:41 - Overriding database path with different value: C:\Users\yg_am\.stmcufinder\plugins\mcufinder/ => C:\Users\yg_am\.stmcufinder\plugins\mcufinder
2025-09-02 19:34:24,846 [WARN] DbFile:41 - Overriding database path with different value: C:\Users\yg_am\.stmcufinder\plugins\mcufinder/ => C:\Users\yg_am\.stmcufinder\plugins\mcufinder
2025-09-02 19:34:24,846 [INFO] CrossReferenceDbSqlite:203 - Set database path to: C:\Users\yg_am\.stmcufinder\plugins\mcufinder//mcu/cs/
2025-09-02 19:34:24,973 [INFO] ApplicationProperties:184 - Using Application install path: C:\ST\STM32CubeIDE_1.19.0\STM32CubeIDE\plugins\com.st.stm32cube.common.mx_6.15.0.202507011659
2025-09-02 19:34:24,978 [INFO] PluginManage:196 - Search for loadable plugins [exclusion list=, ]
2025-09-02 19:34:24,987 [INFO] PluginManage:310 - Check plugin analytics
2025-09-02 19:34:26,177 [INFO] AnalyticsPlugin:253 - Accepted Software Licenses: 
2025-09-02 19:34:26,182 [INFO] AnalyticsPlugin:255 - Accepted CMSIS Pack Licenses: 
2025-09-02 19:34:26,182 [INFO] AnalyticsPlugin:257 - Accepted Firmware Licenses: FW.F4.1.28.0
2025-09-02 19:34:26,187 [INFO] PluginManage:359 - Loaded plugin analytics (category:tool,tabindex:-1)
2025-09-02 19:34:26,187 [INFO] PluginManage:310 - Check plugin cadmodel
2025-09-02 19:34:26,322 [INFO] CADModel:105 - Init CAD model plugin
2025-09-02 19:34:26,325 [INFO] PluginManage:359 - Loaded plugin cadmodel (category:power,tabindex:5)
2025-09-02 19:34:26,327 [INFO] PluginManage:310 - Check plugin clock
2025-09-02 19:34:26,432 [INFO] PluginManage:359 - Loaded plugin clock (category:base,tabindex:2)
2025-09-02 19:34:26,433 [INFO] PluginManage:310 - Check plugin ddr
2025-09-02 19:34:26,439 [INFO] PluginManage:359 - Loaded plugin ddr (category:tool,tabindex:6)
2025-09-02 19:34:26,439 [INFO] PluginManage:310 - Check plugin filemanager
2025-09-02 19:34:27,242 [INFO] PluginManage:359 - Loaded plugin filemanager (category:base,tabindex:10)
2025-09-02 19:34:27,243 [INFO] PluginManage:310 - Check plugin ipmanager
2025-09-02 19:34:27,301 [INFO] PluginManage:359 - Loaded plugin ipmanager (category:base,tabindex:5)
2025-09-02 19:34:27,302 [INFO] PluginManage:310 - Check plugin lpbam
2025-09-02 19:34:27,426 [INFO] PluginManage:359 - Loaded plugin lpbam (category:base,tabindex:0)
2025-09-02 19:34:27,426 [INFO] PluginManage:310 - Check plugin memorymap
2025-09-02 19:34:27,559 [INFO] PluginManage:359 - Loaded plugin memorymap (category:base,tabindex:4)
2025-09-02 19:34:27,560 [INFO] PluginManage:310 - Check plugin pinoutandconfiguration
2025-09-02 19:34:27,657 [INFO] PluginManage:359 - Loaded plugin pinoutandconfiguration (category:base,tabindex:1)
2025-09-02 19:34:27,657 [INFO] PluginManage:310 - Check plugin pinoutconfig
2025-09-02 19:34:28,251 [WARN] SupportedApi:132 - Cannot load RTOS API schema: s4s-elt-must-match.1: The content of 'definitions' must match (annotation?, (simpleType | complexType)?, (unique | key | keyref)*)). A problem was found starting at: attribute.
2025-09-02 19:34:29,043 [INFO] PluginManage:359 - Loaded plugin pinoutconfig (category:base,tabindex:0)
2025-09-02 19:34:29,045 [INFO] PluginManage:310 - Check plugin power
2025-09-02 19:34:29,151 [INFO] PluginManage:359 - Loaded plugin power (category:power,tabindex:4)
2025-09-02 19:34:29,151 [INFO] PluginManage:310 - Check plugin projectmanager
2025-09-02 19:34:29,221 [INFO] PluginManage:359 - Loaded plugin projectmanager (category:projectmanager,tabindex:4)
2025-09-02 19:34:29,221 [INFO] PluginManage:310 - Check plugin rif
2025-09-02 19:34:29,269 [INFO] PluginManage:359 - Loaded plugin rif (category:base,tabindex:3)
2025-09-02 19:34:29,270 [INFO] PluginManage:310 - Check plugin thirdparty
2025-09-02 19:34:31,087 [INFO] PluginManage:359 - Loaded plugin thirdparty (category:base,tabindex:-1)
2025-09-02 19:34:31,087 [WARN] IntegrityCheckThread:84 - waiting for thirdparty lock release [integrity check]
2025-09-02 19:34:31,093 [INFO] IntegrityCheckThread:86 - entering critical section [integrity check]
2025-09-02 19:34:31,092 [INFO] PluginManage:310 - Check plugin tools
2025-09-02 19:34:31,095 [INFO] ThirdPartyUpdaterWithRetryManager:70 - Updater plugin not ready yet. [1/15]
2025-09-02 19:34:31,298 [INFO] PluginManage:359 - Loaded plugin tools (category:base,tabindex:7)
2025-09-02 19:34:31,298 [INFO] PluginManage:310 - Check plugin tutovideos
2025-09-02 19:34:32,311 [INFO] PluginManage:359 - Loaded plugin tutovideos (category:base,tabindex:-1)
2025-09-02 19:34:32,312 [INFO] PluginManage:310 - Check plugin updater
2025-09-02 19:34:32,444 [INFO] PluginManage:359 - Loaded plugin updater (category:base,tabindex:12)
2025-09-02 19:34:32,445 [INFO] PluginManage:310 - Check plugin userauth
2025-09-02 19:34:32,451 [INFO] UserAuth:118 - Init User Auth plugin
2025-09-02 19:34:32,457 [INFO] PluginManage:359 - Loaded plugin userauth (category:base,tabindex:14)
2025-09-02 19:34:32,458 [INFO] PluginManage:283 - PluginManage : Loaded plugins [18]
2025-09-02 19:34:33,566 [INFO] PinOutPanel:1589 - setPackage(No Configuration,No Configuration)
2025-09-02 19:34:34,099 [INFO] ThirdPartyUpdaterWithRetryManager:70 - Updater plugin not ready yet. [2/15]
2025-09-02 19:34:34,108 [INFO] CADModel:165 - CPN selected for project level
2025-09-02 19:34:34,110 [INFO] CADModel:114 - Register for checkConnection events
2025-09-02 19:34:34,174 [INFO] IPUIPlugin:80 - create IPUIPlugin
2025-09-02 19:34:34,175 [INFO] PluginManager:220 - loadIPPluginJar : add adc
2025-09-02 19:34:34,279 [INFO] IPUIPlugin:80 - create IPUIPlugin
2025-09-02 19:34:34,279 [INFO] PluginManager:220 - loadIPPluginJar : add aes
2025-09-02 19:34:34,436 [INFO] IPUIPlugin:80 - create IPUIPlugin
2025-09-02 19:34:34,436 [INFO] PluginManager:220 - loadIPPluginJar : add can
2025-09-02 19:34:34,560 [INFO] IPUIPlugin:80 - create IPUIPlugin
2025-09-02 19:34:34,560 [INFO] PluginManager:220 - loadIPPluginJar : add comp
2025-09-02 19:34:34,867 [INFO] IPUIPlugin:80 - create IPUIPlugin
2025-09-02 19:34:34,867 [INFO] PluginManager:220 - loadIPPluginJar : add cryp
2025-09-02 19:34:34,912 [INFO] IPUIPlugin:80 - create IPUIPlugin
2025-09-02 19:34:34,912 [INFO] PluginManager:220 - loadIPPluginJar : add ddr_ctrl_phy
2025-09-02 19:34:35,130 [INFO] IPUIPlugin:80 - create IPUIPlugin
2025-09-02 19:34:35,130 [INFO] PluginManager:220 - loadIPPluginJar : add dfsdm
2025-09-02 19:34:35,240 [INFO] IPUIPlugin:80 - create IPUIPlugin
2025-09-02 19:34:35,243 [INFO] PluginManager:220 - loadIPPluginJar : add dma
2025-09-02 19:34:35,419 [INFO] IPUIPlugin:80 - create IPUIPlugin
2025-09-02 19:34:35,419 [INFO] PluginManager:220 - loadIPPluginJar : add dma3
2025-09-02 19:34:35,741 [INFO] IPUIPlugin:80 - create IPUIPlugin
2025-09-02 19:34:35,742 [INFO] PluginManager:220 - loadIPPluginJar : add extmemmanager
2025-09-02 19:34:35,859 [INFO] IPUIPlugin:80 - create IPUIPlugin
2025-09-02 19:34:35,860 [INFO] PluginManager:220 - loadIPPluginJar : add fatfs
2025-09-02 19:34:36,127 [INFO] IPUIPlugin:80 - create IPUIPlugin
2025-09-02 19:34:36,127 [INFO] PluginManager:220 - loadIPPluginJar : add fmc
2025-09-02 19:34:36,227 [INFO] IPUIPlugin:80 - create IPUIPlugin
2025-09-02 19:34:36,227 [INFO] PluginManager:220 - loadIPPluginJar : add freertos
2025-09-02 19:34:36,327 [INFO] IPUIPlugin:80 - create IPUIPlugin
2025-09-02 19:34:36,328 [INFO] PluginManager:220 - loadIPPluginJar : add genericplugin
2025-09-02 19:34:36,597 [INFO] IPUIPlugin:80 - create IPUIPlugin
2025-09-02 19:34:36,598 [INFO] PluginManager:220 - loadIPPluginJar : add gfxmmu
2025-09-02 19:34:37,090 [INFO] IPUIPlugin:80 - create IPUIPlugin
2025-09-02 19:34:37,091 [INFO] PluginManager:220 - loadIPPluginJar : add gic
2025-09-02 19:34:37,108 [INFO] ThirdPartyUpdaterWithRetryManager:70 - Updater plugin not ready yet. [3/15]
2025-09-02 19:34:37,167 [INFO] IPUIPlugin:80 - create IPUIPlugin
2025-09-02 19:34:37,167 [INFO] PluginManager:220 - loadIPPluginJar : add gpio
2025-09-02 19:34:37,651 [INFO] IPUIPlugin:80 - create IPUIPlugin
2025-09-02 19:34:37,651 [INFO] PluginManager:220 - loadIPPluginJar : add gtzc
2025-09-02 19:34:37,818 [INFO] IPUIPlugin:80 - create IPUIPlugin
2025-09-02 19:34:37,818 [INFO] PluginManager:220 - loadIPPluginJar : add hash
2025-09-02 19:34:38,185 [INFO] IPUIPlugin:80 - create IPUIPlugin
2025-09-02 19:34:38,186 [INFO] PluginManager:220 - loadIPPluginJar : add i2c
2025-09-02 19:34:38,432 [INFO] IPUIPlugin:80 - create IPUIPlugin
2025-09-02 19:34:38,432 [INFO] PluginManager:220 - loadIPPluginJar : add i2s
2025-09-02 19:34:38,799 [INFO] IPUIPlugin:80 - create IPUIPlugin
2025-09-02 19:34:38,801 [INFO] PluginManager:220 - loadIPPluginJar : add i3c
2025-09-02 19:34:39,458 [INFO] IPUIPlugin:80 - create IPUIPlugin
2025-09-02 19:34:39,458 [INFO] PluginManager:220 - loadIPPluginJar : add ipddr
2025-09-02 19:34:40,019 [INFO] IPUIPlugin:80 - create IPUIPlugin
2025-09-02 19:34:40,019 [INFO] PluginManager:220 - loadIPPluginJar : add linkedlist
2025-09-02 19:34:40,125 [INFO] ThirdPartyUpdaterWithRetryManager:70 - Updater plugin not ready yet. [4/15]
2025-09-02 19:34:40,298 [INFO] IPUIPlugin:80 - create IPUIPlugin
2025-09-02 19:34:40,299 [INFO] PluginManager:220 - loadIPPluginJar : add lorawan
2025-09-02 19:34:40,492 [INFO] IPUIPlugin:80 - create IPUIPlugin
2025-09-02 19:34:40,495 [INFO] PluginManager:220 - loadIPPluginJar : add ltdc
2025-09-02 19:34:40,582 [INFO] IPUIPlugin:80 - create IPUIPlugin
2025-09-02 19:34:40,582 [INFO] PluginManager:220 - loadIPPluginJar : add mdma
2025-09-02 19:34:40,628 [INFO] IPUIPlugin:80 - create IPUIPlugin
2025-09-02 19:34:40,628 [INFO] PluginManager:220 - loadIPPluginJar : add nvic
2025-09-02 19:34:40,818 [INFO] IPUIPlugin:80 - create IPUIPlugin
2025-09-02 19:34:40,818 [INFO] PluginManager:220 - loadIPPluginJar : add opamp
2025-09-02 19:34:41,256 [INFO] IPUIPlugin:80 - create IPUIPlugin
2025-09-02 19:34:41,257 [INFO] PluginManager:220 - loadIPPluginJar : add openamp
2025-09-02 19:34:41,531 [INFO] IPUIPlugin:80 - create IPUIPlugin
2025-09-02 19:34:41,531 [INFO] PluginManager:220 - loadIPPluginJar : add pdm2pcm
2025-09-02 19:34:41,567 [INFO] IPUIPlugin:80 - create IPUIPlugin
2025-09-02 19:34:41,573 [INFO] PluginManager:220 - loadIPPluginJar : add plateformsettings
2025-09-02 19:34:41,675 [INFO] IPUIPlugin:80 - create IPUIPlugin
2025-09-02 19:34:41,675 [INFO] PluginManager:220 - loadIPPluginJar : add quadspi
2025-09-02 19:34:41,880 [INFO] IPUIPlugin:80 - create IPUIPlugin
2025-09-02 19:34:41,884 [INFO] PluginManager:220 - loadIPPluginJar : add radio
2025-09-02 19:34:41,933 [INFO] IPUIPlugin:80 - create IPUIPlugin
2025-09-02 19:34:41,933 [INFO] PluginManager:220 - loadIPPluginJar : add resmgrutility
2025-09-02 19:34:42,143 [INFO] IPUIPlugin:80 - create IPUIPlugin
2025-09-02 19:34:42,144 [INFO] PluginManager:220 - loadIPPluginJar : add sai
2025-09-02 19:34:42,449 [INFO] IPUIPlugin:80 - create IPUIPlugin
2025-09-02 19:34:42,449 [INFO] PluginManager:220 - loadIPPluginJar : add spi
2025-09-02 19:34:42,932 [INFO] IPUIPlugin:80 - create IPUIPlugin
2025-09-02 19:34:42,933 [INFO] PluginManager:220 - loadIPPluginJar : add stm32_wpan
2025-09-02 19:34:43,053 [INFO] IPUIPlugin:80 - create IPUIPlugin
2025-09-02 19:34:43,054 [INFO] PluginManager:220 - loadIPPluginJar : add tim
2025-09-02 19:34:43,130 [INFO] ThirdPartyUpdaterWithRetryManager:70 - Updater plugin not ready yet. [5/15]
2025-09-02 19:34:43,307 [INFO] IPUIPlugin:80 - create IPUIPlugin
2025-09-02 19:34:43,307 [INFO] PluginManager:220 - loadIPPluginJar : add touchsensing
2025-09-02 19:34:43,409 [INFO] IPUIPlugin:80 - create IPUIPlugin
2025-09-02 19:34:43,409 [INFO] PluginManager:220 - loadIPPluginJar : add tracer_emb
2025-09-02 19:34:43,607 [INFO] IPUIPlugin:80 - create IPUIPlugin
2025-09-02 19:34:43,610 [INFO] PluginManager:220 - loadIPPluginJar : add ts
2025-09-02 19:34:43,777 [INFO] IPUIPlugin:80 - create IPUIPlugin
2025-09-02 19:34:43,777 [INFO] PluginManager:220 - loadIPPluginJar : add tsc
2025-09-02 19:34:43,928 [INFO] IPUIPlugin:80 - create IPUIPlugin
2025-09-02 19:34:43,929 [INFO] PluginManager:220 - loadIPPluginJar : add ucpd
2025-09-02 19:34:44,147 [INFO] IPUIPlugin:80 - create IPUIPlugin
2025-09-02 19:34:44,148 [INFO] PluginManager:220 - loadIPPluginJar : add usart
2025-09-02 19:34:44,581 [INFO] IPUIPlugin:80 - create IPUIPlugin
2025-09-02 19:34:44,587 [INFO] PluginManager:220 - loadIPPluginJar : add usbx
2025-09-02 19:34:44,851 [FATAL] Updater:351 - Updater called before beeing initialized
2025-09-02 19:34:45,031 [INFO] RulesReader:64 - Compatibility file has been processed (317 Rules)
2025-09-02 19:34:45,074 [INFO] RulesReader:64 - Compatibility file has been processed (317 Rules)
2025-09-02 19:34:45,201 [INFO] CADModel:165 - CPN selected for project level
2025-09-02 19:34:45,201 [INFO] CADModel:114 - Register for checkConnection events
2025-09-02 19:34:45,201 [FATAL] Updater:351 - Updater called before beeing initialized
2025-09-02 19:34:45,207 [ERROR] CADModel:125 - Updater not yet initialized, retry later 
2025-09-02 19:34:46,054 [FATAL] Updater:351 - Updater called before beeing initialized
2025-09-02 19:34:46,058 [INFO] CADModel:165 - CPN selected for project level
2025-09-02 19:34:46,058 [INFO] CADModel:114 - Register for checkConnection events
2025-09-02 19:34:46,059 [FATAL] Updater:351 - Updater called before beeing initialized
2025-09-02 19:34:46,059 [ERROR] CADModel:125 - Updater not yet initialized, retry later 
2025-09-02 19:34:46,072 [FATAL] Updater:351 - Updater called before beeing initialized
2025-09-02 19:34:46,136 [INFO] ThirdPartyUpdaterWithRetryManager:70 - Updater plugin not ready yet. [6/15]
2025-09-02 19:34:46,697 [FATAL] Updater:351 - Updater called before beeing initialized
2025-09-02 19:34:46,755 [INFO] DbMcusAds:53 - JSON generation date=Tue Jul 08 05:14:23 ADT 2025 (1751962463582)
2025-09-02 19:34:46,758 [FATAL] Updater:351 - Updater called before beeing initialized
2025-09-02 19:34:46,998 [WARN] DetailPanel:346 - Failed to get advertising image, set to default
2025-09-02 19:34:47,401 [FATAL] Updater:351 - Updater called before beeing initialized
2025-09-02 19:34:47,407 [FATAL] Updater:351 - Updater called before beeing initialized
2025-09-02 19:34:47,407 [FATAL] Updater:351 - Updater called before beeing initialized
2025-09-02 19:34:47,407 [WARN] DetailPanel:346 - Failed to get advertising image, set to default
2025-09-02 19:34:47,407 [FATAL] Updater:351 - Updater called before beeing initialized
2025-09-02 19:34:47,571 [ERROR] Updater:1198 - MainUpdater not yet initialized. External WinMGr cannot be set.
2025-09-02 19:34:47,639 [INFO] Updater:1134 - Updater Version found : 6.15.0
2025-09-02 19:34:47,710 [INFO] ApplicationProperties:184 - Using Application install path: C:\ST\STM32CubeIDE_1.19.0\STM32CubeIDE\plugins\com.st.stm32cube.common.mx_6.15.0.202507011659
2025-09-02 19:34:49,150 [FATAL] Updater:351 - Updater called before beeing initialized
2025-09-02 19:34:49,153 [ERROR] IntegrityCheckThread:130 - Cannot retrieve database content from updater: error 21
2025-09-02 19:34:49,154 [INFO] ThirdParty:978 - Integrity check success = false
2025-09-02 19:34:49,156 [INFO] IntegrityCheckThread:100 - exiting critical section [integrity check]
2025-09-02 19:34:49,157 [INFO] IntegrityCheckThread:103 - End integrity checks thread
2025-09-02 19:34:49,474 [ERROR] LogOutputStream:75 - [STDERR_REDIRECT] Sep 02, 2025 7:34:49 PM java.util.prefs.WindowsPreferences <init>
2025-09-02 19:34:49,477 [ERROR] LogOutputStream:75 - [STDERR_REDIRECT] WARNING: Could not open/create prefs root node Software\JavaSoft\Prefs at root 0xffffffff80000002. Windows RegCreateKeyEx(...) returned error code 5.
2025-09-02 19:34:49,477 [ERROR] LogOutputStream:75 - [STDERR_REDIRECT] 
2025-09-02 19:34:51,434 [INFO] MainUpdater:2872 - connection check result : 10
2025-09-02 19:34:51,442 [INFO] MainUpdater:289 - Updater Check For Update Now.
2025-09-02 19:34:51,443 [INFO] MicroXplorer:498 - Change Database Version : DB.6.0.150
2025-09-02 19:34:51,515 [INFO] McuFinderGlobals:63 - Set McuFinder mode to 2 (CubeIDE integrated)
2025-09-02 19:34:51,527 [INFO] UserAuth:487 - Internet connection configuration mode: 1
2025-09-02 19:34:51,718 [INFO] JxBrowserEngine:152 - Initiate JxBrowser Engine with user profile folder
2025-09-02 19:34:52,027 [INFO] CheckServerUpdateThread:120 - End of CheckServer Thread
2025-09-02 19:34:56,502 [INFO] WebApp:169 - Instantiating new browser for Auth
2025-09-02 19:34:58,737 [INFO] WebApp:463 - Apply proxy settings
2025-09-02 19:34:58,738 [INFO] WebApp:548 - Chromium requires no authentication
2025-09-02 19:34:58,755 [INFO] WebApp:491 - Direct internet connection detected
2025-09-02 19:34:58,801 [INFO] WebApp:900 - Register for checkConnection events
2025-09-02 19:34:58,801 [INFO] WebApp:463 - Apply proxy settings
2025-09-02 19:34:58,801 [INFO] WebApp:548 - Chromium requires no authentication
2025-09-02 19:34:58,801 [INFO] WebApp:491 - Direct internet connection detected
2025-09-02 19:34:59,251 [INFO] WebApp:191 - Connection restablished
2025-09-02 19:34:59,507 [INFO] WebApp:225 - Starting web application
2025-09-02 19:34:59,507 [INFO] WebApp:593 - Web application path used C:\ST\STM32CubeIDE_1.19.0\STM32CubeIDE\plugins\com.st.stm32cube.common.mx_6.15.0.202507011659\db\plugins\mcufinder\reactClient1\index.html
2025-09-02 19:34:59,747 [INFO] UserAuth:487 - Internet connection configuration mode: 1
2025-09-02 19:36:33,797 [ERROR] LogOutputStream:75 - [STDERR_REDIRECT] 
2025-09-02 19:37:12,289 [INFO] Activator:176 - 


2025-09-02 19:37:12,290 [INFO] Activator:177 - !SESSION log4j initialized
2025-09-02 19:37:15,122 [INFO] LogOutputStream:77 - [STDOUT_REDIRECT] 
2025-09-02 19:37:16,557 [INFO] ApplicationProperties:184 - Using Application install path: C:\ST\STM32CubeIDE_1.19.0\STM32CubeIDE\plugins\com.st.stm32cube.common.mx_6.15.0.202507011659
2025-09-02 19:37:16,572 [INFO] DbMcusXml:78 - Set database path to: C:\ST\STM32CubeIDE_1.19.0\STM32CubeIDE\plugins\com.st.stm32cube.common.mx_6.15.0.202507011659\\db\/mcu/
2025-09-02 19:37:16,572 [INFO] ApiDb:274 - Set plugin database path to: C:\ST\STM32CubeIDE_1.19.0\STM32CubeIDE\plugins\com.st.stm32cube.common.mx_6.15.0.202507011659\\db\/plugins/boardmanager/
2025-09-02 19:37:16,572 [WARN] ApiDb:259 - Overriding images path with different value:  => C:\ST\STM32CubeIDE_1.19.0\STM32CubeIDE\plugins\com.st.stm32cube.common.mx_6.15.0.202507011659\\db\/plugins/mcufinder/images/
2025-09-02 19:37:16,576 [INFO] ApiDb:250 - Set database path to: C:\Users\yg_am\.stmcufinder\plugins\mcufinder//mcu/
2025-09-02 19:37:16,577 [INFO] DbMcusAds:125 - Set database path to: C:\Users\yg_am\.stmcufinder\plugins\mcufinder//mcu/
2025-09-02 19:37:16,579 [INFO] CrossReferenceDbSqlite:203 - Set database path to: C:\Users\yg_am\.stmcufinder\plugins\mcufinder//mcu/cs/
2025-09-02 19:37:16,681 [INFO] RulesReader:64 - Compatibility file has been processed (317 Rules)
2025-09-02 19:37:16,776 [INFO] DbMcusXml:78 - Set database path to: C:\ST\STM32CubeIDE_1.19.0\STM32CubeIDE\plugins\com.st.stm32cube.common.mx_6.15.0.202507011659\\db\/mcu/
2025-09-02 19:37:16,776 [INFO] ApiDb:274 - Set plugin database path to: C:\ST\STM32CubeIDE_1.19.0\STM32CubeIDE\plugins\com.st.stm32cube.common.mx_6.15.0.202507011659\\db\/plugins/boardmanager/
2025-09-02 19:37:16,776 [INFO] ApiDb:261 - Set plugin images path to: C:\ST\STM32CubeIDE_1.19.0\STM32CubeIDE\plugins\com.st.stm32cube.common.mx_6.15.0.202507011659\\db\/plugins/mcufinder/images/
2025-09-02 19:37:16,776 [WARN] DbFile:41 - Overriding database path with different value: C:\Users\yg_am\.stmcufinder\plugins\mcufinder/ => C:\Users\yg_am\.stmcufinder\plugins\mcufinder
2025-09-02 19:37:16,777 [INFO] ApiDb:250 - Set database path to: C:\Users\yg_am\.stmcufinder\plugins\mcufinder//mcu/
2025-09-02 19:37:16,777 [WARN] DbFile:41 - Overriding database path with different value: C:\Users\yg_am\.stmcufinder\plugins\mcufinder/ => C:\Users\yg_am\.stmcufinder\plugins\mcufinder
2025-09-02 19:37:16,777 [INFO] DbMcusAds:125 - Set database path to: C:\Users\yg_am\.stmcufinder\plugins\mcufinder//mcu/
2025-09-02 19:37:16,777 [WARN] DbFile:41 - Overriding database path with different value: C:\Users\yg_am\.stmcufinder\plugins\mcufinder/ => C:\Users\yg_am\.stmcufinder\plugins\mcufinder
2025-09-02 19:37:16,777 [WARN] DbFile:41 - Overriding database path with different value: C:\Users\yg_am\.stmcufinder\plugins\mcufinder/ => C:\Users\yg_am\.stmcufinder\plugins\mcufinder
2025-09-02 19:37:16,777 [INFO] CrossReferenceDbSqlite:203 - Set database path to: C:\Users\yg_am\.stmcufinder\plugins\mcufinder//mcu/cs/
2025-09-02 19:37:16,850 [INFO] MainPanel:274 - HeapMemory: 268435456
2025-09-02 19:37:16,925 [INFO] DbMcusXml:78 - Set database path to: C:\ST\STM32CubeIDE_1.19.0\STM32CubeIDE\plugins\com.st.stm32cube.common.mx_6.15.0.202507011659\\db\/mcu/
2025-09-02 19:37:16,925 [INFO] ApiDb:274 - Set plugin database path to: C:\ST\STM32CubeIDE_1.19.0\STM32CubeIDE\plugins\com.st.stm32cube.common.mx_6.15.0.202507011659\\db\/plugins/boardmanager/
2025-09-02 19:37:16,925 [INFO] ApiDb:261 - Set plugin images path to: C:\ST\STM32CubeIDE_1.19.0\STM32CubeIDE\plugins\com.st.stm32cube.common.mx_6.15.0.202507011659\\db\/plugins/mcufinder/images/
2025-09-02 19:37:16,925 [WARN] DbFile:41 - Overriding database path with different value: C:\Users\yg_am\.stmcufinder\plugins\mcufinder/ => C:\Users\yg_am\.stmcufinder\plugins\mcufinder
2025-09-02 19:37:16,925 [INFO] ApiDb:250 - Set database path to: C:\Users\yg_am\.stmcufinder\plugins\mcufinder//mcu/
2025-09-02 19:37:16,925 [WARN] DbFile:41 - Overriding database path with different value: C:\Users\yg_am\.stmcufinder\plugins\mcufinder/ => C:\Users\yg_am\.stmcufinder\plugins\mcufinder
2025-09-02 19:37:16,925 [INFO] DbMcusAds:125 - Set database path to: C:\Users\yg_am\.stmcufinder\plugins\mcufinder//mcu/
2025-09-02 19:37:16,926 [WARN] DbFile:41 - Overriding database path with different value: C:\Users\yg_am\.stmcufinder\plugins\mcufinder/ => C:\Users\yg_am\.stmcufinder\plugins\mcufinder
2025-09-02 19:37:16,926 [WARN] DbFile:41 - Overriding database path with different value: C:\Users\yg_am\.stmcufinder\plugins\mcufinder/ => C:\Users\yg_am\.stmcufinder\plugins\mcufinder
2025-09-02 19:37:16,926 [INFO] CrossReferenceDbSqlite:203 - Set database path to: C:\Users\yg_am\.stmcufinder\plugins\mcufinder//mcu/cs/
2025-09-02 19:37:16,948 [INFO] ApplicationProperties:184 - Using Application install path: C:\ST\STM32CubeIDE_1.19.0\STM32CubeIDE\plugins\com.st.stm32cube.common.mx_6.15.0.202507011659
2025-09-02 19:37:16,949 [INFO] PluginManage:196 - Search for loadable plugins [exclusion list=, ]
2025-09-02 19:37:16,951 [INFO] PluginManage:310 - Check plugin analytics
2025-09-02 19:37:17,113 [INFO] AnalyticsPlugin:253 - Accepted Software Licenses: 
2025-09-02 19:37:17,114 [INFO] AnalyticsPlugin:255 - Accepted CMSIS Pack Licenses: 
2025-09-02 19:37:17,114 [INFO] AnalyticsPlugin:257 - Accepted Firmware Licenses: FW.F4.1.28.0
2025-09-02 19:37:17,116 [INFO] PluginManage:359 - Loaded plugin analytics (category:tool,tabindex:-1)
2025-09-02 19:37:17,117 [INFO] PluginManage:310 - Check plugin cadmodel
2025-09-02 19:37:17,121 [INFO] CADModel:105 - Init CAD model plugin
2025-09-02 19:37:17,121 [INFO] PluginManage:359 - Loaded plugin cadmodel (category:power,tabindex:5)
2025-09-02 19:37:17,121 [INFO] PluginManage:310 - Check plugin clock
2025-09-02 19:37:17,150 [INFO] PluginManage:359 - Loaded plugin clock (category:base,tabindex:2)
2025-09-02 19:37:17,150 [INFO] PluginManage:310 - Check plugin ddr
2025-09-02 19:37:17,153 [INFO] PluginManage:359 - Loaded plugin ddr (category:tool,tabindex:6)
2025-09-02 19:37:17,153 [INFO] PluginManage:310 - Check plugin filemanager
2025-09-02 19:37:17,379 [INFO] PluginManage:359 - Loaded plugin filemanager (category:base,tabindex:10)
2025-09-02 19:37:17,379 [INFO] PluginManage:310 - Check plugin ipmanager
2025-09-02 19:37:17,387 [INFO] PluginManage:359 - Loaded plugin ipmanager (category:base,tabindex:5)
2025-09-02 19:37:17,388 [INFO] PluginManage:310 - Check plugin lpbam
2025-09-02 19:37:17,396 [INFO] PluginManage:359 - Loaded plugin lpbam (category:base,tabindex:0)
2025-09-02 19:37:17,396 [INFO] PluginManage:310 - Check plugin memorymap
2025-09-02 19:37:17,411 [INFO] PluginManage:359 - Loaded plugin memorymap (category:base,tabindex:4)
2025-09-02 19:37:17,412 [INFO] PluginManage:310 - Check plugin pinoutandconfiguration
2025-09-02 19:37:17,427 [INFO] PluginManage:359 - Loaded plugin pinoutandconfiguration (category:base,tabindex:1)
2025-09-02 19:37:17,427 [INFO] PluginManage:310 - Check plugin pinoutconfig
2025-09-02 19:37:17,510 [WARN] SupportedApi:132 - Cannot load RTOS API schema: s4s-elt-must-match.1: The content of 'definitions' must match (annotation?, (simpleType | complexType)?, (unique | key | keyref)*)). A problem was found starting at: attribute.
2025-09-02 19:37:17,614 [INFO] PluginManage:359 - Loaded plugin pinoutconfig (category:base,tabindex:0)
2025-09-02 19:37:17,615 [INFO] PluginManage:310 - Check plugin power
2025-09-02 19:37:17,620 [INFO] PluginManage:359 - Loaded plugin power (category:power,tabindex:4)
2025-09-02 19:37:17,622 [INFO] PluginManage:310 - Check plugin projectmanager
2025-09-02 19:37:17,637 [INFO] PluginManage:359 - Loaded plugin projectmanager (category:projectmanager,tabindex:4)
2025-09-02 19:37:17,638 [INFO] PluginManage:310 - Check plugin rif
2025-09-02 19:37:17,646 [INFO] PluginManage:359 - Loaded plugin rif (category:base,tabindex:3)
2025-09-02 19:37:17,646 [INFO] PluginManage:310 - Check plugin thirdparty
2025-09-02 19:37:17,752 [INFO] PluginManage:359 - Loaded plugin thirdparty (category:base,tabindex:-1)
2025-09-02 19:37:17,752 [WARN] IntegrityCheckThread:84 - waiting for thirdparty lock release [integrity check]
2025-09-02 19:37:17,753 [INFO] IntegrityCheckThread:86 - entering critical section [integrity check]
2025-09-02 19:37:17,753 [INFO] PluginManage:310 - Check plugin tools
2025-09-02 19:37:17,753 [INFO] ThirdPartyUpdaterWithRetryManager:70 - Updater plugin not ready yet. [1/15]
2025-09-02 19:37:17,756 [INFO] PluginManage:359 - Loaded plugin tools (category:base,tabindex:7)
2025-09-02 19:37:17,756 [INFO] PluginManage:310 - Check plugin tutovideos
2025-09-02 19:37:17,951 [INFO] PluginManage:359 - Loaded plugin tutovideos (category:base,tabindex:-1)
2025-09-02 19:37:17,951 [INFO] PluginManage:310 - Check plugin updater
2025-09-02 19:37:17,970 [INFO] PluginManage:359 - Loaded plugin updater (category:base,tabindex:12)
2025-09-02 19:37:17,971 [INFO] PluginManage:310 - Check plugin userauth
2025-09-02 19:37:17,973 [INFO] UserAuth:118 - Init User Auth plugin
2025-09-02 19:37:17,974 [INFO] PluginManage:359 - Loaded plugin userauth (category:base,tabindex:14)
2025-09-02 19:37:17,974 [INFO] PluginManage:283 - PluginManage : Loaded plugins [18]
2025-09-02 19:37:18,276 [INFO] PinOutPanel:1589 - setPackage(No Configuration,No Configuration)
2025-09-02 19:37:18,376 [INFO] CADModel:165 - CPN selected for project level
2025-09-02 19:37:18,377 [INFO] CADModel:114 - Register for checkConnection events
2025-09-02 19:37:18,392 [INFO] IPUIPlugin:80 - create IPUIPlugin
2025-09-02 19:37:18,392 [INFO] PluginManager:220 - loadIPPluginJar : add adc
2025-09-02 19:37:18,395 [INFO] IPUIPlugin:80 - create IPUIPlugin
2025-09-02 19:37:18,395 [INFO] PluginManager:220 - loadIPPluginJar : add aes
2025-09-02 19:37:18,397 [INFO] IPUIPlugin:80 - create IPUIPlugin
2025-09-02 19:37:18,397 [INFO] PluginManager:220 - loadIPPluginJar : add can
2025-09-02 19:37:18,399 [INFO] IPUIPlugin:80 - create IPUIPlugin
2025-09-02 19:37:18,399 [INFO] PluginManager:220 - loadIPPluginJar : add comp
2025-09-02 19:37:18,401 [INFO] IPUIPlugin:80 - create IPUIPlugin
2025-09-02 19:37:18,401 [INFO] PluginManager:220 - loadIPPluginJar : add cryp
2025-09-02 19:37:18,403 [INFO] IPUIPlugin:80 - create IPUIPlugin
2025-09-02 19:37:18,403 [INFO] PluginManager:220 - loadIPPluginJar : add ddr_ctrl_phy
2025-09-02 19:37:18,405 [INFO] IPUIPlugin:80 - create IPUIPlugin
2025-09-02 19:37:18,405 [INFO] PluginManager:220 - loadIPPluginJar : add dfsdm
2025-09-02 19:37:18,410 [INFO] IPUIPlugin:80 - create IPUIPlugin
2025-09-02 19:37:18,410 [INFO] PluginManager:220 - loadIPPluginJar : add dma
2025-09-02 19:37:18,413 [INFO] IPUIPlugin:80 - create IPUIPlugin
2025-09-02 19:37:18,413 [INFO] PluginManager:220 - loadIPPluginJar : add dma3
2025-09-02 19:37:18,416 [INFO] IPUIPlugin:80 - create IPUIPlugin
2025-09-02 19:37:18,416 [INFO] PluginManager:220 - loadIPPluginJar : add extmemmanager
2025-09-02 19:37:18,417 [INFO] IPUIPlugin:80 - create IPUIPlugin
2025-09-02 19:37:18,417 [INFO] PluginManager:220 - loadIPPluginJar : add fatfs
2025-09-02 19:37:18,421 [INFO] IPUIPlugin:80 - create IPUIPlugin
2025-09-02 19:37:18,421 [INFO] PluginManager:220 - loadIPPluginJar : add fmc
2025-09-02 19:37:18,426 [INFO] IPUIPlugin:80 - create IPUIPlugin
2025-09-02 19:37:18,426 [INFO] PluginManager:220 - loadIPPluginJar : add freertos
2025-09-02 19:37:18,428 [INFO] IPUIPlugin:80 - create IPUIPlugin
2025-09-02 19:37:18,428 [INFO] PluginManager:220 - loadIPPluginJar : add genericplugin
2025-09-02 19:37:18,429 [INFO] IPUIPlugin:80 - create IPUIPlugin
2025-09-02 19:37:18,429 [INFO] PluginManager:220 - loadIPPluginJar : add gfxmmu
2025-09-02 19:37:18,433 [INFO] IPUIPlugin:80 - create IPUIPlugin
2025-09-02 19:37:18,433 [INFO] PluginManager:220 - loadIPPluginJar : add gic
2025-09-02 19:37:18,437 [INFO] IPUIPlugin:80 - create IPUIPlugin
2025-09-02 19:37:18,438 [INFO] PluginManager:220 - loadIPPluginJar : add gpio
2025-09-02 19:37:18,440 [INFO] IPUIPlugin:80 - create IPUIPlugin
2025-09-02 19:37:18,440 [INFO] PluginManager:220 - loadIPPluginJar : add gtzc
2025-09-02 19:37:18,441 [INFO] IPUIPlugin:80 - create IPUIPlugin
2025-09-02 19:37:18,442 [INFO] PluginManager:220 - loadIPPluginJar : add hash
2025-09-02 19:37:18,444 [INFO] IPUIPlugin:80 - create IPUIPlugin
2025-09-02 19:37:18,444 [INFO] PluginManager:220 - loadIPPluginJar : add i2c
2025-09-02 19:37:18,445 [INFO] IPUIPlugin:80 - create IPUIPlugin
2025-09-02 19:37:18,446 [INFO] PluginManager:220 - loadIPPluginJar : add i2s
2025-09-02 19:37:18,448 [INFO] IPUIPlugin:80 - create IPUIPlugin
2025-09-02 19:37:18,449 [INFO] PluginManager:220 - loadIPPluginJar : add i3c
2025-09-02 19:37:18,452 [INFO] IPUIPlugin:80 - create IPUIPlugin
2025-09-02 19:37:18,452 [INFO] PluginManager:220 - loadIPPluginJar : add ipddr
2025-09-02 19:37:18,458 [INFO] IPUIPlugin:80 - create IPUIPlugin
2025-09-02 19:37:18,459 [INFO] PluginManager:220 - loadIPPluginJar : add linkedlist
2025-09-02 19:37:18,462 [INFO] IPUIPlugin:80 - create IPUIPlugin
2025-09-02 19:37:18,462 [INFO] PluginManager:220 - loadIPPluginJar : add lorawan
2025-09-02 19:37:18,463 [INFO] IPUIPlugin:80 - create IPUIPlugin
2025-09-02 19:37:18,463 [INFO] PluginManager:220 - loadIPPluginJar : add ltdc
2025-09-02 19:37:18,467 [INFO] IPUIPlugin:80 - create IPUIPlugin
2025-09-02 19:37:18,467 [INFO] PluginManager:220 - loadIPPluginJar : add mdma
2025-09-02 19:37:18,472 [INFO] IPUIPlugin:80 - create IPUIPlugin
2025-09-02 19:37:18,472 [INFO] PluginManager:220 - loadIPPluginJar : add nvic
2025-09-02 19:37:18,475 [INFO] IPUIPlugin:80 - create IPUIPlugin
2025-09-02 19:37:18,475 [INFO] PluginManager:220 - loadIPPluginJar : add opamp
2025-09-02 19:37:18,477 [INFO] IPUIPlugin:80 - create IPUIPlugin
2025-09-02 19:37:18,477 [INFO] PluginManager:220 - loadIPPluginJar : add openamp
2025-09-02 19:37:18,479 [INFO] IPUIPlugin:80 - create IPUIPlugin
2025-09-02 19:37:18,479 [INFO] PluginManager:220 - loadIPPluginJar : add pdm2pcm
2025-09-02 19:37:18,483 [INFO] IPUIPlugin:80 - create IPUIPlugin
2025-09-02 19:37:18,485 [INFO] PluginManager:220 - loadIPPluginJar : add plateformsettings
2025-09-02 19:37:18,486 [INFO] IPUIPlugin:80 - create IPUIPlugin
2025-09-02 19:37:18,486 [INFO] PluginManager:220 - loadIPPluginJar : add quadspi
2025-09-02 19:37:18,487 [INFO] IPUIPlugin:80 - create IPUIPlugin
2025-09-02 19:37:18,488 [INFO] PluginManager:220 - loadIPPluginJar : add radio
2025-09-02 19:37:18,490 [INFO] IPUIPlugin:80 - create IPUIPlugin
2025-09-02 19:37:18,490 [INFO] PluginManager:220 - loadIPPluginJar : add resmgrutility
2025-09-02 19:37:18,494 [INFO] IPUIPlugin:80 - create IPUIPlugin
2025-09-02 19:37:18,494 [INFO] PluginManager:220 - loadIPPluginJar : add sai
2025-09-02 19:37:18,496 [INFO] IPUIPlugin:80 - create IPUIPlugin
2025-09-02 19:37:18,496 [INFO] PluginManager:220 - loadIPPluginJar : add spi
2025-09-02 19:37:18,500 [INFO] IPUIPlugin:80 - create IPUIPlugin
2025-09-02 19:37:18,501 [INFO] PluginManager:220 - loadIPPluginJar : add stm32_wpan
2025-09-02 19:37:18,502 [INFO] IPUIPlugin:80 - create IPUIPlugin
2025-09-02 19:37:18,502 [INFO] PluginManager:220 - loadIPPluginJar : add tim
2025-09-02 19:37:18,505 [INFO] IPUIPlugin:80 - create IPUIPlugin
2025-09-02 19:37:18,505 [INFO] PluginManager:220 - loadIPPluginJar : add touchsensing
2025-09-02 19:37:18,506 [INFO] IPUIPlugin:80 - create IPUIPlugin
2025-09-02 19:37:18,506 [INFO] PluginManager:220 - loadIPPluginJar : add tracer_emb
2025-09-02 19:37:18,508 [INFO] IPUIPlugin:80 - create IPUIPlugin
2025-09-02 19:37:18,508 [INFO] PluginManager:220 - loadIPPluginJar : add ts
2025-09-02 19:37:18,509 [INFO] IPUIPlugin:80 - create IPUIPlugin
2025-09-02 19:37:18,509 [INFO] PluginManager:220 - loadIPPluginJar : add tsc
2025-09-02 19:37:18,510 [INFO] IPUIPlugin:80 - create IPUIPlugin
2025-09-02 19:37:18,510 [INFO] PluginManager:220 - loadIPPluginJar : add ucpd
2025-09-02 19:37:18,513 [INFO] IPUIPlugin:80 - create IPUIPlugin
2025-09-02 19:37:18,513 [INFO] PluginManager:220 - loadIPPluginJar : add usart
2025-09-02 19:37:18,515 [INFO] IPUIPlugin:80 - create IPUIPlugin
2025-09-02 19:37:18,515 [INFO] PluginManager:220 - loadIPPluginJar : add usbx
2025-09-02 19:37:18,632 [FATAL] Updater:351 - Updater called before beeing initialized
2025-09-02 19:37:18,675 [INFO] RulesReader:64 - Compatibility file has been processed (317 Rules)
2025-09-02 19:37:18,685 [INFO] RulesReader:64 - Compatibility file has been processed (317 Rules)
2025-09-02 19:37:18,697 [INFO] CADModel:165 - CPN selected for project level
2025-09-02 19:37:18,697 [INFO] CADModel:114 - Register for checkConnection events
2025-09-02 19:37:18,697 [FATAL] Updater:351 - Updater called before beeing initialized
2025-09-02 19:37:18,697 [ERROR] CADModel:125 - Updater not yet initialized, retry later 
2025-09-02 19:37:18,854 [FATAL] Updater:351 - Updater called before beeing initialized
2025-09-02 19:37:18,855 [INFO] CADModel:165 - CPN selected for project level
2025-09-02 19:37:18,856 [INFO] CADModel:114 - Register for checkConnection events
2025-09-02 19:37:18,856 [FATAL] Updater:351 - Updater called before beeing initialized
2025-09-02 19:37:18,856 [ERROR] CADModel:125 - Updater not yet initialized, retry later 
2025-09-02 19:37:18,860 [FATAL] Updater:351 - Updater called before beeing initialized
2025-09-02 19:37:18,981 [FATAL] Updater:351 - Updater called before beeing initialized
2025-09-02 19:37:18,985 [INFO] DbMcusAds:53 - JSON generation date=Tue Jul 08 05:14:23 ADT 2025 (1751962463582)
2025-09-02 19:37:18,986 [FATAL] Updater:351 - Updater called before beeing initialized
2025-09-02 19:37:19,021 [WARN] DetailPanel:346 - Failed to get advertising image, set to default
2025-09-02 19:37:19,115 [FATAL] Updater:351 - Updater called before beeing initialized
2025-09-02 19:37:19,117 [FATAL] Updater:351 - Updater called before beeing initialized
2025-09-02 19:37:19,117 [FATAL] Updater:351 - Updater called before beeing initialized
2025-09-02 19:37:19,118 [WARN] DetailPanel:346 - Failed to get advertising image, set to default
2025-09-02 19:37:19,119 [FATAL] Updater:351 - Updater called before beeing initialized
2025-09-02 19:37:19,151 [ERROR] Updater:1198 - MainUpdater not yet initialized. External WinMGr cannot be set.
2025-09-02 19:37:19,152 [INFO] Updater:1134 - Updater Version found : 6.15.0
2025-09-02 19:37:19,170 [INFO] ApplicationProperties:184 - Using Application install path: C:\ST\STM32CubeIDE_1.19.0\STM32CubeIDE\plugins\com.st.stm32cube.common.mx_6.15.0.202507011659
2025-09-02 19:37:20,756 [INFO] ThirdPartyUpdaterWithRetryManager:70 - Updater plugin not ready yet. [2/15]
2025-09-02 19:37:20,769 [ERROR] LogOutputStream:75 - [STDERR_REDIRECT] Sep 02, 2025 7:37:20 PM java.util.prefs.WindowsPreferences <init>
2025-09-02 19:37:20,780 [ERROR] LogOutputStream:75 - [STDERR_REDIRECT] WARNING: Could not open/create prefs root node Software\JavaSoft\Prefs at root 0xffffffff80000002. Windows RegCreateKeyEx(...) returned error code 5.
2025-09-02 19:37:20,782 [ERROR] LogOutputStream:75 - [STDERR_REDIRECT] 
2025-09-02 19:37:21,160 [INFO] MainUpdater:2872 - connection check result : 10
2025-09-02 19:37:21,160 [INFO] MainUpdater:289 - Updater Check For Update Now.
2025-09-02 19:37:21,162 [INFO] MicroXplorer:498 - Change Database Version : DB.6.0.150
2025-09-02 19:37:21,207 [INFO] McuFinderGlobals:63 - Set McuFinder mode to 2 (CubeIDE integrated)
2025-09-02 19:37:21,209 [INFO] UserAuth:487 - Internet connection configuration mode: 1
2025-09-02 19:37:21,277 [INFO] JxBrowserEngine:152 - Initiate JxBrowser Engine with user profile folder
2025-09-02 19:37:21,395 [INFO] CheckServerUpdateThread:120 - End of CheckServer Thread
2025-09-02 19:37:21,967 [INFO] WebApp:169 - Instantiating new browser for Auth
2025-09-02 19:37:22,855 [INFO] WebApp:463 - Apply proxy settings
2025-09-02 19:37:22,856 [INFO] WebApp:548 - Chromium requires no authentication
2025-09-02 19:37:22,867 [INFO] WebApp:491 - Direct internet connection detected
2025-09-02 19:37:22,889 [INFO] WebApp:900 - Register for checkConnection events
2025-09-02 19:37:22,889 [INFO] WebApp:463 - Apply proxy settings
2025-09-02 19:37:22,890 [INFO] WebApp:548 - Chromium requires no authentication
2025-09-02 19:37:22,890 [INFO] WebApp:491 - Direct internet connection detected
2025-09-02 19:37:23,026 [INFO] WebApp:225 - Starting web application
2025-09-02 19:37:23,026 [INFO] WebApp:593 - Web application path used C:\ST\STM32CubeIDE_1.19.0\STM32CubeIDE\plugins\com.st.stm32cube.common.mx_6.15.0.202507011659\db\plugins\mcufinder\reactClient1\index.html
2025-09-02 19:37:23,137 [INFO] UserAuth:487 - Internet connection configuration mode: 1
2025-09-02 19:37:23,189 [INFO] WebApp:191 - Connection restablished
2025-09-02 19:37:24,031 [WARN] PackLoader:240 - Cannot read IP mode file for STMicroelectronics.FP-SNS-MOTENVWB1.1.4.0
2025-09-02 19:37:24,051 [WARN] PackLoader:240 - Cannot read IP mode file for STMicroelectronics.FP-ATR-ASTRA1.2.0.2
2025-09-02 19:37:24,070 [WARN] PackLoader:240 - Cannot read IP mode file for STMicroelectronics.X-CUBE-SMBUS.2.1.0
2025-09-02 19:37:24,087 [WARN] PackLoader:240 - Cannot read IP mode file for STMicroelectronics.X-CUBE-ST60.1.0.0
2025-09-02 19:37:24,125 [WARN] PackLoader:240 - Cannot read IP mode file for STMicroelectronics.X-CUBE-AZRTOS-F7.1.1.0
2025-09-02 19:37:24,164 [WARN] PackLoader:240 - Cannot read IP mode file for Infineon.AIROC-Wi-Fi-Bluetooth-STM32.1.7.1
2025-09-02 19:37:24,203 [WARN] PackLoader:240 - Cannot read IP mode file for STMicroelectronics.X-CUBE-AZRTOS-H7.3.4.0
2025-09-02 19:37:24,227 [WARN] PackLoader:240 - Cannot read IP mode file for STMicroelectronics.X-CUBE-DISPLAY.3.0.0
2025-09-02 19:37:24,252 [WARN] PackLoader:240 - Cannot read IP mode file for STMicroelectronics.X-CUBE-NFC10.1.0.0
2025-09-02 19:37:24,269 [WARN] PackLoader:240 - Cannot read IP mode file for emotas.I-CUBE-CANOPEN.1.3.0
2025-09-02 19:37:24,289 [WARN] PackLoader:240 - Cannot read IP mode file for STMicroelectronics.FP-SNS-STBOX1.2.1.0
2025-09-02 19:37:24,311 [WARN] PackLoader:240 - Cannot read IP mode file for STMicroelectronics.FP-SNS-SMARTAG2.1.2.0
2025-09-02 19:37:24,327 [WARN] PackLoader:240 - Cannot read IP mode file for STMicroelectronics.FP-SNS-FLIGHT1.5.1.0
2025-09-02 19:37:24,349 [INFO] LogOutputStream:77 - [STDOUT_REDIRECT] 1 : Invalid condition id : UX_CORESTACK_Condition cause : null
2025-09-02 19:37:24,350 [INFO] LogOutputStream:77 - [STDOUT_REDIRECT] 1 : Invalid condition id : UX_CORESTACK_Condition cause : null
2025-09-02 19:37:24,350 [INFO] LogOutputStream:77 - [STDOUT_REDIRECT] 1 : Invalid condition id : UX_CORESTACK_Condition cause : null
2025-09-02 19:37:24,352 [INFO] LogOutputStream:77 - [STDOUT_REDIRECT] 1 : Invalid condition id : UX_CORESTACK_Condition cause : null
2025-09-02 19:37:24,353 [INFO] LogOutputStream:77 - [STDOUT_REDIRECT] 1 : Invalid condition id : UX_CORESTACK_Condition cause : null
2025-09-02 19:37:24,356 [WARN] PackLoader:240 - Cannot read IP mode file for STMicroelectronics.X-CUBE-AZRTOS-WL.2.0.0
2025-09-02 19:37:24,373 [WARN] PackLoader:240 - Cannot read IP mode file for STMicroelectronics.FP-SNS-MOTENV1.5.0.0
2025-09-02 19:37:24,397 [WARN] PackLoader:240 - Cannot read IP mode file for WES.I-CUBE-Cesium.1.3.0
2025-09-02 19:37:24,414 [WARN] PackLoader:240 - Cannot read IP mode file for STMicroelectronics.X-CUBE-BLE2.3.3.0
2025-09-02 19:37:24,434 [WARN] PackLoader:240 - Cannot read IP mode file for STMicroelectronics.X-CUBE-NFC9.1.0.0
2025-09-02 19:37:24,452 [WARN] PackLoader:240 - Cannot read IP mode file for wolfSSL.I-CUBE-wolfSSL.5.8.2
2025-09-02 19:37:24,469 [WARN] PackLoader:240 - Cannot read IP mode file for STMicroelectronics.X-CUBE-BLE1.7.1.0
2025-09-02 19:37:24,483 [WARN] PackLoader:240 - Cannot read IP mode file for wolfSSL.I-CUBE-wolfMQTT.1.19.2
2025-09-02 19:37:24,503 [WARN] PackLoader:240 - Cannot read IP mode file for STMicroelectronics.X-CUBE-EEPRMA1.5.2.0
2025-09-02 19:37:24,543 [WARN] PackLoader:240 - Cannot read IP mode file for STMicroelectronics.X-CUBE-AZRTOS-G0.1.1.0
2025-09-02 19:37:24,568 [WARN] PackLoader:240 - Cannot read IP mode file for STMicroelectronics.X-CUBE-SAFEA1.1.2.2
2025-09-02 19:37:24,590 [WARN] PackLoader:240 - Cannot read IP mode file for STMicroelectronics.X-CUBE-NFC4.3.0.0
2025-09-02 19:37:24,618 [WARN] PackLoader:240 - Cannot read IP mode file for EmbeddedOffice.I-CUBE-FS-RTOS.1.0.1
2025-09-02 19:37:24,645 [WARN] PackLoader:240 - Cannot read IP mode file for STMicroelectronics.X-CUBE-WB05N.2.0.0
2025-09-02 19:37:24,665 [WARN] PackLoader:240 - Cannot read IP mode file for wolfSSL.I-CUBE-wolfTPM.3.8.0
2025-09-02 19:37:24,682 [WARN] PackLoader:240 - Cannot read IP mode file for STMicroelectronics.X-CUBE-TCPP.4.2.0
2025-09-02 19:37:24,697 [WARN] PackLoader:240 - Cannot read IP mode file for RealThread.X-CUBE-RT-Thread_Nano.4.1.1
2025-09-02 19:37:24,710 [WARN] PackLoader:240 - Cannot read IP mode file for STMicroelectronics.FP-ATR-SIGFOX1.3.2.0
2025-09-02 19:37:24,725 [WARN] PackLoader:240 - Cannot read IP mode file for ITTIA_DB.I-CUBE-ITTIADB.8.9.0
2025-09-02 19:37:24,741 [WARN] PackLoader:240 - Cannot read IP mode file for STMicroelectronics.X-CUBE-ST67W61.1.0.0
2025-09-02 19:37:24,755 [WARN] PackLoader:240 - Cannot read IP mode file for STMicroelectronics.X-CUBE-AI.10.2.0
2025-09-02 19:37:24,782 [WARN] PackLoader:240 - Cannot read IP mode file for SEGGER.I-CUBE-embOS.1.3.1
2025-09-02 19:37:24,824 [WARN] PackLoader:240 - Cannot read IP mode file for STMicroelectronics.X-CUBE-ALGOBUILD.1.4.0
2025-09-02 19:37:24,869 [WARN] PackLoader:240 - Cannot read IP mode file for STMicroelectronics.X-CUBE-MEMS1.11.3.0
2025-09-02 19:37:25,008 [WARN] PackLoader:240 - Cannot read IP mode file for STMicroelectronics.X-CUBE-PM33A1.1.0.0
2025-09-02 19:37:25,037 [WARN] PackLoader:240 - Cannot read IP mode file for STMicroelectronics.X-CUBE-AZRTOS-F4.1.1.0
2025-09-02 19:37:25,058 [WARN] PackLoader:240 - Cannot read IP mode file for Avnet-IotConnect.X-CUBE-IoTC-DA16k-PMOD.1.0.0
2025-09-02 19:37:25,074 [WARN] PackLoader:240 - Cannot read IP mode file for STMicroelectronics.X-CUBE-ISPU.2.1.0
2025-09-02 19:37:25,092 [WARN] PackLoader:240 - Cannot read IP mode file for STMicroelectronics.X-CUBE-NFC12.1.0.0
2025-09-02 19:37:25,119 [WARN] PackLoader:240 - Cannot read IP mode file for STMicroelectronics.X-CUBE-AZRTOS-L5.2.0.0
2025-09-02 19:37:25,136 [WARN] PackLoader:240 - Cannot read IP mode file for STMicroelectronics.X-CUBE-NFC6.3.1.0
2025-09-02 19:37:25,153 [WARN] PackLoader:240 - Cannot read IP mode file for STMicroelectronics.X-CUBE-FREERTOS.1.3.1
2025-09-02 19:37:25,168 [WARN] PackLoader:240 - Cannot read IP mode file for STMicroelectronics.FP-SNS-STAIOTCFT.1.0.0
2025-09-02 19:37:25,184 [WARN] PackLoader:240 - Cannot read IP mode file for STMicroelectronics.X-CUBE-DPower.1.3.0
2025-09-02 19:37:25,209 [WARN] ConditionMgr:438 - getConditionDescription Invalid condition id : LAN8742 Phy interface Condition cause : null
2025-09-02 19:37:25,210 [WARN] PackLoader:240 - Cannot read IP mode file for STMicroelectronics.X-CUBE-AZRTOS-L4.2.0.0
2025-09-02 19:37:25,210 [WARN] ConditionMgr:1044 - genDependencies : Invalid condition id : LAN8742 Phy interface Condition cause : null
2025-09-02 19:37:25,210 [WARN] ConditionMgr:1044 - genDependencies : Invalid condition id : LAN8742 Phy interface Condition cause : null
2025-09-02 19:37:25,210 [WARN] ConditionMgr:1044 - genDependencies : Invalid condition id : LAN8742 Phy interface Condition cause : null
2025-09-02 19:37:25,228 [WARN] PackLoader:240 - Cannot read IP mode file for STMicroelectronics.X-CUBE-SFXS2LP1.4.0.0
2025-09-02 19:37:25,255 [WARN] PackLoader:240 - Cannot read IP mode file for STMicroelectronics.X-CUBE-BLEMGR.4.1.0
2025-09-02 19:37:25,282 [WARN] ConditionMgr:438 - getConditionDescription Invalid condition id : UX DEVICE CLASS RTOS Condition cause : null
2025-09-02 19:37:25,282 [WARN] ConditionMgr:438 - getConditionDescription Invalid condition id : UX DEVICE CLASS RTOS Condition cause : null
2025-09-02 19:37:25,285 [WARN] PackLoader:240 - Cannot read IP mode file for STMicroelectronics.X-CUBE-AZRTOS-WB.2.0.0
2025-09-02 19:37:25,290 [WARN] ConditionMgr:1044 - genDependencies : Invalid condition id : UX DEVICE CLASS RTOS Condition cause : null
2025-09-02 19:37:25,291 [WARN] ConditionMgr:1044 - genDependencies : Invalid condition id : UX DEVICE CLASS RTOS Condition cause : null
2025-09-02 19:37:25,292 [WARN] ConditionMgr:1044 - genDependencies : Invalid condition id : UX DEVICE CLASS RTOS Condition cause : null
2025-09-02 19:37:25,292 [WARN] ConditionMgr:1044 - genDependencies : Invalid condition id : UX DEVICE CLASS RTOS Condition cause : null
2025-09-02 19:37:25,292 [WARN] ConditionMgr:1044 - genDependencies : Invalid condition id : UX DEVICE CLASS RTOS Condition cause : null
2025-09-02 19:37:25,309 [WARN] PackLoader:240 - Cannot read IP mode file for STMicroelectronics.X-CUBE-GNSS1.7.0.1
2025-09-02 19:37:25,325 [WARN] PackLoader:240 - Cannot read IP mode file for STMicroelectronics.X-CUBE-TOUCHGFX.4.25.0
2025-09-02 19:37:25,340 [WARN] ConditionMgr:438 - getConditionDescription Invalid condition id : Cortex-A Device cause : null
2025-09-02 19:37:25,367 [WARN] ConditionMgr:1044 - genDependencies : Invalid condition id : Cortex-A Device cause : null
2025-09-02 19:37:25,368 [WARN] ConditionMgr:1044 - genDependencies : Invalid condition id : Cortex-A Device cause : null
2025-09-02 19:37:25,368 [WARN] ConditionMgr:1044 - genDependencies : Invalid condition id : Cortex-A Device cause : null
2025-09-02 19:37:25,386 [WARN] PackLoader:240 - Cannot read IP mode file for STMicroelectronics.X-CUBE-SUBG2.5.0.0
2025-09-02 19:37:25,418 [WARN] PackLoader:240 - Cannot read IP mode file for STMicroelectronics.X-CUBE-AZRTOS-H7RS.1.1.0
2025-09-02 19:37:25,436 [WARN] PackLoader:240 - Cannot read IP mode file for Cesanta.I-CUBE-Mongoose.7.13.0
2025-09-02 19:37:25,458 [WARN] PackLoader:240 - Cannot read IP mode file for STMicroelectronics.X-CUBE-AZRTOS-G4.2.0.0
2025-09-02 19:37:25,472 [WARN] PackLoader:240 - Cannot read IP mode file for wolfSSL.I-CUBE-wolfSSH.1.4.20
2025-09-02 19:37:25,486 [WARN] PackLoader:240 - Cannot read IP mode file for STMicroelectronics.X-CUBE-NFC7.2.0.0
2025-09-02 19:37:25,504 [WARN] PackLoader:240 - Cannot read IP mode file for STMicroelectronics.X-CUBE-IPS.3.1.0
2025-09-02 19:37:25,523 [WARN] PackLoader:240 - Cannot read IP mode file for STMicroelectronics.X-CUBE-ALS.1.0.2
2025-09-02 19:37:25,542 [WARN] PackLoader:240 - Cannot read IP mode file for portGmbH.I-Cube-SoM-uGOAL.1.1.0
2025-09-02 19:37:25,564 [WARN] PackLoader:240 - Cannot read IP mode file for STMicroelectronics.X-CUBE-TOF1.3.4.3
2025-09-02 19:37:25,572 [INFO] ThirdParty:978 - Integrity check success = true
2025-09-02 19:37:25,572 [INFO] IntegrityCheckThread:100 - exiting critical section [integrity check]
2025-09-02 19:37:25,572 [INFO] IntegrityCheckThread:103 - End integrity checks thread
2025-09-02 19:43:34,307 [ERROR] LogOutputStream:75 - [STDERR_REDIRECT] 
2025-09-02 19:43:47,825 [INFO] Activator:176 - 


2025-09-02 19:43:47,827 [INFO] Activator:177 - !SESSION log4j initialized
2025-09-02 19:43:50,218 [INFO] LogOutputStream:77 - [STDOUT_REDIRECT] 
2025-09-02 19:44:25,511 [INFO] ApplicationProperties:184 - Using Application install path: C:\ST\STM32CubeIDE_1.19.0\STM32CubeIDE\plugins\com.st.stm32cube.common.mx_6.15.0.202507011659
2025-09-02 19:44:25,525 [INFO] DbMcusXml:78 - Set database path to: C:\ST\STM32CubeIDE_1.19.0\STM32CubeIDE\plugins\com.st.stm32cube.common.mx_6.15.0.202507011659\\db\/mcu/
2025-09-02 19:44:25,525 [INFO] ApiDb:274 - Set plugin database path to: C:\ST\STM32CubeIDE_1.19.0\STM32CubeIDE\plugins\com.st.stm32cube.common.mx_6.15.0.202507011659\\db\/plugins/boardmanager/
2025-09-02 19:44:25,525 [WARN] ApiDb:259 - Overriding images path with different value:  => C:\ST\STM32CubeIDE_1.19.0\STM32CubeIDE\plugins\com.st.stm32cube.common.mx_6.15.0.202507011659\\db\/plugins/mcufinder/images/
2025-09-02 19:44:25,529 [INFO] ApiDb:250 - Set database path to: C:\Users\yg_am\.stmcufinder\plugins\mcufinder//mcu/
2025-09-02 19:44:25,530 [INFO] DbMcusAds:125 - Set database path to: C:\Users\yg_am\.stmcufinder\plugins\mcufinder//mcu/
2025-09-02 19:44:25,542 [INFO] CrossReferenceDbSqlite:203 - Set database path to: C:\Users\yg_am\.stmcufinder\plugins\mcufinder//mcu/cs/
2025-09-02 19:44:25,663 [INFO] RulesReader:64 - Compatibility file has been processed (317 Rules)
2025-09-02 19:44:25,727 [INFO] DbMcusXml:78 - Set database path to: C:\ST\STM32CubeIDE_1.19.0\STM32CubeIDE\plugins\com.st.stm32cube.common.mx_6.15.0.202507011659\\db\/mcu/
2025-09-02 19:44:25,727 [INFO] ApiDb:274 - Set plugin database path to: C:\ST\STM32CubeIDE_1.19.0\STM32CubeIDE\plugins\com.st.stm32cube.common.mx_6.15.0.202507011659\\db\/plugins/boardmanager/
2025-09-02 19:44:25,728 [INFO] ApiDb:261 - Set plugin images path to: C:\ST\STM32CubeIDE_1.19.0\STM32CubeIDE\plugins\com.st.stm32cube.common.mx_6.15.0.202507011659\\db\/plugins/mcufinder/images/
2025-09-02 19:44:25,728 [WARN] DbFile:41 - Overriding database path with different value: C:\Users\yg_am\.stmcufinder\plugins\mcufinder/ => C:\Users\yg_am\.stmcufinder\plugins\mcufinder
2025-09-02 19:44:25,729 [INFO] ApiDb:250 - Set database path to: C:\Users\yg_am\.stmcufinder\plugins\mcufinder//mcu/
2025-09-02 19:44:25,729 [WARN] DbFile:41 - Overriding database path with different value: C:\Users\yg_am\.stmcufinder\plugins\mcufinder/ => C:\Users\yg_am\.stmcufinder\plugins\mcufinder
2025-09-02 19:44:25,729 [INFO] DbMcusAds:125 - Set database path to: C:\Users\yg_am\.stmcufinder\plugins\mcufinder//mcu/
2025-09-02 19:44:25,729 [WARN] DbFile:41 - Overriding database path with different value: C:\Users\yg_am\.stmcufinder\plugins\mcufinder/ => C:\Users\yg_am\.stmcufinder\plugins\mcufinder
2025-09-02 19:44:25,729 [WARN] DbFile:41 - Overriding database path with different value: C:\Users\yg_am\.stmcufinder\plugins\mcufinder/ => C:\Users\yg_am\.stmcufinder\plugins\mcufinder
2025-09-02 19:44:25,729 [INFO] CrossReferenceDbSqlite:203 - Set database path to: C:\Users\yg_am\.stmcufinder\plugins\mcufinder//mcu/cs/
2025-09-02 19:44:25,787 [INFO] MainPanel:274 - HeapMemory: 268435456
2025-09-02 19:44:25,888 [INFO] DbMcusXml:78 - Set database path to: C:\ST\STM32CubeIDE_1.19.0\STM32CubeIDE\plugins\com.st.stm32cube.common.mx_6.15.0.202507011659\\db\/mcu/
2025-09-02 19:44:25,888 [INFO] ApiDb:274 - Set plugin database path to: C:\ST\STM32CubeIDE_1.19.0\STM32CubeIDE\plugins\com.st.stm32cube.common.mx_6.15.0.202507011659\\db\/plugins/boardmanager/
2025-09-02 19:44:25,889 [INFO] ApiDb:261 - Set plugin images path to: C:\ST\STM32CubeIDE_1.19.0\STM32CubeIDE\plugins\com.st.stm32cube.common.mx_6.15.0.202507011659\\db\/plugins/mcufinder/images/
2025-09-02 19:44:25,889 [WARN] DbFile:41 - Overriding database path with different value: C:\Users\yg_am\.stmcufinder\plugins\mcufinder/ => C:\Users\yg_am\.stmcufinder\plugins\mcufinder
2025-09-02 19:44:25,890 [INFO] ApiDb:250 - Set database path to: C:\Users\yg_am\.stmcufinder\plugins\mcufinder//mcu/
2025-09-02 19:44:25,890 [WARN] DbFile:41 - Overriding database path with different value: C:\Users\yg_am\.stmcufinder\plugins\mcufinder/ => C:\Users\yg_am\.stmcufinder\plugins\mcufinder
2025-09-02 19:44:25,890 [INFO] DbMcusAds:125 - Set database path to: C:\Users\yg_am\.stmcufinder\plugins\mcufinder//mcu/
2025-09-02 19:44:25,890 [WARN] DbFile:41 - Overriding database path with different value: C:\Users\yg_am\.stmcufinder\plugins\mcufinder/ => C:\Users\yg_am\.stmcufinder\plugins\mcufinder
2025-09-02 19:44:25,891 [WARN] DbFile:41 - Overriding database path with different value: C:\Users\yg_am\.stmcufinder\plugins\mcufinder/ => C:\Users\yg_am\.stmcufinder\plugins\mcufinder
2025-09-02 19:44:25,891 [INFO] CrossReferenceDbSqlite:203 - Set database path to: C:\Users\yg_am\.stmcufinder\plugins\mcufinder//mcu/cs/
2025-09-02 19:44:25,941 [INFO] ApplicationProperties:184 - Using Application install path: C:\ST\STM32CubeIDE_1.19.0\STM32CubeIDE\plugins\com.st.stm32cube.common.mx_6.15.0.202507011659
2025-09-02 19:44:25,943 [INFO] PluginManage:196 - Search for loadable plugins [exclusion list=, ]
2025-09-02 19:44:25,945 [INFO] PluginManage:310 - Check plugin analytics
2025-09-02 19:44:26,109 [INFO] AnalyticsPlugin:253 - Accepted Software Licenses: 
2025-09-02 19:44:26,110 [INFO] AnalyticsPlugin:255 - Accepted CMSIS Pack Licenses: 
2025-09-02 19:44:26,110 [INFO] AnalyticsPlugin:257 - Accepted Firmware Licenses: FW.F4.1.28.0
2025-09-02 19:44:26,112 [INFO] PluginManage:359 - Loaded plugin analytics (category:tool,tabindex:-1)
2025-09-02 19:44:26,112 [INFO] PluginManage:310 - Check plugin cadmodel
2025-09-02 19:44:26,117 [INFO] CADModel:105 - Init CAD model plugin
2025-09-02 19:44:26,117 [INFO] PluginManage:359 - Loaded plugin cadmodel (category:power,tabindex:5)
2025-09-02 19:44:26,117 [INFO] PluginManage:310 - Check plugin clock
2025-09-02 19:44:26,124 [INFO] PluginManage:359 - Loaded plugin clock (category:base,tabindex:2)
2025-09-02 19:44:26,124 [INFO] PluginManage:310 - Check plugin ddr
2025-09-02 19:44:26,126 [INFO] PluginManage:359 - Loaded plugin ddr (category:tool,tabindex:6)
2025-09-02 19:44:26,126 [INFO] PluginManage:310 - Check plugin filemanager
2025-09-02 19:44:26,317 [INFO] PluginManage:359 - Loaded plugin filemanager (category:base,tabindex:10)
2025-09-02 19:44:26,317 [INFO] PluginManage:310 - Check plugin ipmanager
2025-09-02 19:44:26,323 [INFO] PluginManage:359 - Loaded plugin ipmanager (category:base,tabindex:5)
2025-09-02 19:44:26,323 [INFO] PluginManage:310 - Check plugin lpbam
2025-09-02 19:44:26,343 [INFO] PluginManage:359 - Loaded plugin lpbam (category:base,tabindex:0)
2025-09-02 19:44:26,343 [INFO] PluginManage:310 - Check plugin memorymap
2025-09-02 19:44:26,364 [INFO] PluginManage:359 - Loaded plugin memorymap (category:base,tabindex:4)
2025-09-02 19:44:26,364 [INFO] PluginManage:310 - Check plugin pinoutandconfiguration
2025-09-02 19:44:26,371 [INFO] PluginManage:359 - Loaded plugin pinoutandconfiguration (category:base,tabindex:1)
2025-09-02 19:44:26,372 [INFO] PluginManage:310 - Check plugin pinoutconfig
2025-09-02 19:44:26,486 [WARN] SupportedApi:132 - Cannot load RTOS API schema: s4s-elt-must-match.1: The content of 'definitions' must match (annotation?, (simpleType | complexType)?, (unique | key | keyref)*)). A problem was found starting at: attribute.
2025-09-02 19:44:26,592 [INFO] PluginManage:359 - Loaded plugin pinoutconfig (category:base,tabindex:0)
2025-09-02 19:44:26,593 [INFO] PluginManage:310 - Check plugin power
2025-09-02 19:44:26,600 [INFO] PluginManage:359 - Loaded plugin power (category:power,tabindex:4)
2025-09-02 19:44:26,600 [INFO] PluginManage:310 - Check plugin projectmanager
2025-09-02 19:44:26,615 [INFO] PluginManage:359 - Loaded plugin projectmanager (category:projectmanager,tabindex:4)
2025-09-02 19:44:26,615 [INFO] PluginManage:310 - Check plugin rif
2025-09-02 19:44:26,621 [INFO] PluginManage:359 - Loaded plugin rif (category:base,tabindex:3)
2025-09-02 19:44:26,621 [INFO] PluginManage:310 - Check plugin thirdparty
2025-09-02 19:44:26,725 [INFO] PluginManage:359 - Loaded plugin thirdparty (category:base,tabindex:-1)
2025-09-02 19:44:26,725 [INFO] PluginManage:310 - Check plugin tools
2025-09-02 19:44:26,725 [WARN] IntegrityCheckThread:84 - waiting for thirdparty lock release [integrity check]
2025-09-02 19:44:26,725 [INFO] IntegrityCheckThread:86 - entering critical section [integrity check]
2025-09-02 19:44:26,725 [INFO] ThirdPartyUpdaterWithRetryManager:70 - Updater plugin not ready yet. [1/15]
2025-09-02 19:44:26,728 [INFO] PluginManage:359 - Loaded plugin tools (category:base,tabindex:7)
2025-09-02 19:44:26,728 [INFO] PluginManage:310 - Check plugin tutovideos
2025-09-02 19:44:26,891 [INFO] PluginManage:359 - Loaded plugin tutovideos (category:base,tabindex:-1)
2025-09-02 19:44:26,891 [INFO] PluginManage:310 - Check plugin updater
2025-09-02 19:44:26,909 [INFO] PluginManage:359 - Loaded plugin updater (category:base,tabindex:12)
2025-09-02 19:44:26,909 [INFO] PluginManage:310 - Check plugin userauth
2025-09-02 19:44:26,912 [INFO] UserAuth:118 - Init User Auth plugin
2025-09-02 19:44:26,912 [INFO] PluginManage:359 - Loaded plugin userauth (category:base,tabindex:14)
2025-09-02 19:44:26,913 [INFO] PluginManage:283 - PluginManage : Loaded plugins [18]
2025-09-02 19:44:27,078 [INFO] PinOutPanel:1589 - setPackage(No Configuration,No Configuration)
2025-09-02 19:44:27,146 [INFO] CADModel:165 - CPN selected for project level
2025-09-02 19:44:27,146 [INFO] CADModel:114 - Register for checkConnection events
2025-09-02 19:44:27,159 [INFO] IPUIPlugin:80 - create IPUIPlugin
2025-09-02 19:44:27,159 [INFO] PluginManager:220 - loadIPPluginJar : add adc
2025-09-02 19:44:27,161 [INFO] IPUIPlugin:80 - create IPUIPlugin
2025-09-02 19:44:27,162 [INFO] PluginManager:220 - loadIPPluginJar : add aes
2025-09-02 19:44:27,164 [INFO] IPUIPlugin:80 - create IPUIPlugin
2025-09-02 19:44:27,164 [INFO] PluginManager:220 - loadIPPluginJar : add can
2025-09-02 19:44:27,166 [INFO] IPUIPlugin:80 - create IPUIPlugin
2025-09-02 19:44:27,166 [INFO] PluginManager:220 - loadIPPluginJar : add comp
2025-09-02 19:44:27,167 [INFO] IPUIPlugin:80 - create IPUIPlugin
2025-09-02 19:44:27,167 [INFO] PluginManager:220 - loadIPPluginJar : add cryp
2025-09-02 19:44:27,169 [INFO] IPUIPlugin:80 - create IPUIPlugin
2025-09-02 19:44:27,170 [INFO] PluginManager:220 - loadIPPluginJar : add ddr_ctrl_phy
2025-09-02 19:44:27,171 [INFO] IPUIPlugin:80 - create IPUIPlugin
2025-09-02 19:44:27,171 [INFO] PluginManager:220 - loadIPPluginJar : add dfsdm
2025-09-02 19:44:27,175 [INFO] IPUIPlugin:80 - create IPUIPlugin
2025-09-02 19:44:27,175 [INFO] PluginManager:220 - loadIPPluginJar : add dma
2025-09-02 19:44:27,177 [INFO] IPUIPlugin:80 - create IPUIPlugin
2025-09-02 19:44:27,177 [INFO] PluginManager:220 - loadIPPluginJar : add dma3
2025-09-02 19:44:27,178 [INFO] IPUIPlugin:80 - create IPUIPlugin
2025-09-02 19:44:27,179 [INFO] PluginManager:220 - loadIPPluginJar : add extmemmanager
2025-09-02 19:44:27,180 [INFO] IPUIPlugin:80 - create IPUIPlugin
2025-09-02 19:44:27,180 [INFO] PluginManager:220 - loadIPPluginJar : add fatfs
2025-09-02 19:44:27,184 [INFO] IPUIPlugin:80 - create IPUIPlugin
2025-09-02 19:44:27,184 [INFO] PluginManager:220 - loadIPPluginJar : add fmc
2025-09-02 19:44:27,189 [INFO] IPUIPlugin:80 - create IPUIPlugin
2025-09-02 19:44:27,189 [INFO] PluginManager:220 - loadIPPluginJar : add freertos
2025-09-02 19:44:27,190 [INFO] IPUIPlugin:80 - create IPUIPlugin
2025-09-02 19:44:27,190 [INFO] PluginManager:220 - loadIPPluginJar : add genericplugin
2025-09-02 19:44:27,191 [INFO] IPUIPlugin:80 - create IPUIPlugin
2025-09-02 19:44:27,191 [INFO] PluginManager:220 - loadIPPluginJar : add gfxmmu
2025-09-02 19:44:27,195 [INFO] IPUIPlugin:80 - create IPUIPlugin
2025-09-02 19:44:27,195 [INFO] PluginManager:220 - loadIPPluginJar : add gic
2025-09-02 19:44:27,197 [INFO] IPUIPlugin:80 - create IPUIPlugin
2025-09-02 19:44:27,198 [INFO] PluginManager:220 - loadIPPluginJar : add gpio
2025-09-02 19:44:27,199 [INFO] IPUIPlugin:80 - create IPUIPlugin
2025-09-02 19:44:27,199 [INFO] PluginManager:220 - loadIPPluginJar : add gtzc
2025-09-02 19:44:27,201 [INFO] IPUIPlugin:80 - create IPUIPlugin
2025-09-02 19:44:27,201 [INFO] PluginManager:220 - loadIPPluginJar : add hash
2025-09-02 19:44:27,203 [INFO] IPUIPlugin:80 - create IPUIPlugin
2025-09-02 19:44:27,203 [INFO] PluginManager:220 - loadIPPluginJar : add i2c
2025-09-02 19:44:27,205 [INFO] IPUIPlugin:80 - create IPUIPlugin
2025-09-02 19:44:27,205 [INFO] PluginManager:220 - loadIPPluginJar : add i2s
2025-09-02 19:44:27,206 [INFO] IPUIPlugin:80 - create IPUIPlugin
2025-09-02 19:44:27,208 [INFO] PluginManager:220 - loadIPPluginJar : add i3c
2025-09-02 19:44:27,210 [INFO] IPUIPlugin:80 - create IPUIPlugin
2025-09-02 19:44:27,210 [INFO] PluginManager:220 - loadIPPluginJar : add ipddr
2025-09-02 19:44:27,215 [INFO] IPUIPlugin:80 - create IPUIPlugin
2025-09-02 19:44:27,216 [INFO] PluginManager:220 - loadIPPluginJar : add linkedlist
2025-09-02 19:44:27,218 [INFO] IPUIPlugin:80 - create IPUIPlugin
2025-09-02 19:44:27,218 [INFO] PluginManager:220 - loadIPPluginJar : add lorawan
2025-09-02 19:44:27,218 [INFO] IPUIPlugin:80 - create IPUIPlugin
2025-09-02 19:44:27,218 [INFO] PluginManager:220 - loadIPPluginJar : add ltdc
2025-09-02 19:44:27,222 [INFO] IPUIPlugin:80 - create IPUIPlugin
2025-09-02 19:44:27,222 [INFO] PluginManager:220 - loadIPPluginJar : add mdma
2025-09-02 19:44:27,224 [INFO] IPUIPlugin:80 - create IPUIPlugin
2025-09-02 19:44:27,224 [INFO] PluginManager:220 - loadIPPluginJar : add nvic
2025-09-02 19:44:27,226 [INFO] IPUIPlugin:80 - create IPUIPlugin
2025-09-02 19:44:27,226 [INFO] PluginManager:220 - loadIPPluginJar : add opamp
2025-09-02 19:44:27,228 [INFO] IPUIPlugin:80 - create IPUIPlugin
2025-09-02 19:44:27,229 [INFO] PluginManager:220 - loadIPPluginJar : add openamp
2025-09-02 19:44:27,231 [INFO] IPUIPlugin:80 - create IPUIPlugin
2025-09-02 19:44:27,231 [INFO] PluginManager:220 - loadIPPluginJar : add pdm2pcm
2025-09-02 19:44:27,235 [INFO] IPUIPlugin:80 - create IPUIPlugin
2025-09-02 19:44:27,237 [INFO] PluginManager:220 - loadIPPluginJar : add plateformsettings
2025-09-02 19:44:27,239 [INFO] IPUIPlugin:80 - create IPUIPlugin
2025-09-02 19:44:27,239 [INFO] PluginManager:220 - loadIPPluginJar : add quadspi
2025-09-02 19:44:27,240 [INFO] IPUIPlugin:80 - create IPUIPlugin
2025-09-02 19:44:27,240 [INFO] PluginManager:220 - loadIPPluginJar : add radio
2025-09-02 19:44:27,242 [INFO] IPUIPlugin:80 - create IPUIPlugin
2025-09-02 19:44:27,243 [INFO] PluginManager:220 - loadIPPluginJar : add resmgrutility
2025-09-02 19:44:27,245 [INFO] IPUIPlugin:80 - create IPUIPlugin
2025-09-02 19:44:27,245 [INFO] PluginManager:220 - loadIPPluginJar : add sai
2025-09-02 19:44:27,247 [INFO] IPUIPlugin:80 - create IPUIPlugin
2025-09-02 19:44:27,247 [INFO] PluginManager:220 - loadIPPluginJar : add spi
2025-09-02 19:44:27,250 [INFO] IPUIPlugin:80 - create IPUIPlugin
2025-09-02 19:44:27,250 [INFO] PluginManager:220 - loadIPPluginJar : add stm32_wpan
2025-09-02 19:44:27,251 [INFO] IPUIPlugin:80 - create IPUIPlugin
2025-09-02 19:44:27,252 [INFO] PluginManager:220 - loadIPPluginJar : add tim
2025-09-02 19:44:27,254 [INFO] IPUIPlugin:80 - create IPUIPlugin
2025-09-02 19:44:27,254 [INFO] PluginManager:220 - loadIPPluginJar : add touchsensing
2025-09-02 19:44:27,256 [INFO] IPUIPlugin:80 - create IPUIPlugin
2025-09-02 19:44:27,256 [INFO] PluginManager:220 - loadIPPluginJar : add tracer_emb
2025-09-02 19:44:27,257 [INFO] IPUIPlugin:80 - create IPUIPlugin
2025-09-02 19:44:27,257 [INFO] PluginManager:220 - loadIPPluginJar : add ts
2025-09-02 19:44:27,258 [INFO] IPUIPlugin:80 - create IPUIPlugin
2025-09-02 19:44:27,259 [INFO] PluginManager:220 - loadIPPluginJar : add tsc
2025-09-02 19:44:27,260 [INFO] IPUIPlugin:80 - create IPUIPlugin
2025-09-02 19:44:27,260 [INFO] PluginManager:220 - loadIPPluginJar : add ucpd
2025-09-02 19:44:27,262 [INFO] IPUIPlugin:80 - create IPUIPlugin
2025-09-02 19:44:27,263 [INFO] PluginManager:220 - loadIPPluginJar : add usart
2025-09-02 19:44:27,265 [INFO] IPUIPlugin:80 - create IPUIPlugin
2025-09-02 19:44:27,265 [INFO] PluginManager:220 - loadIPPluginJar : add usbx
2025-09-02 19:44:27,375 [FATAL] Updater:351 - Updater called before beeing initialized
2025-09-02 19:44:27,488 [INFO] RulesReader:64 - Compatibility file has been processed (317 Rules)
2025-09-02 19:44:27,520 [INFO] RulesReader:64 - Compatibility file has been processed (317 Rules)
2025-09-02 19:44:27,543 [INFO] CADModel:165 - CPN selected for project level
2025-09-02 19:44:27,544 [INFO] CADModel:114 - Register for checkConnection events
2025-09-02 19:44:27,544 [FATAL] Updater:351 - Updater called before beeing initialized
2025-09-02 19:44:27,544 [ERROR] CADModel:125 - Updater not yet initialized, retry later 
2025-09-02 19:44:27,662 [FATAL] Updater:351 - Updater called before beeing initialized
2025-09-02 19:44:27,663 [INFO] CADModel:165 - CPN selected for project level
2025-09-02 19:44:27,664 [INFO] CADModel:114 - Register for checkConnection events
2025-09-02 19:44:27,664 [FATAL] Updater:351 - Updater called before beeing initialized
2025-09-02 19:44:27,664 [ERROR] CADModel:125 - Updater not yet initialized, retry later 
2025-09-02 19:44:27,667 [FATAL] Updater:351 - Updater called before beeing initialized
2025-09-02 19:44:27,763 [FATAL] Updater:351 - Updater called before beeing initialized
2025-09-02 19:44:27,766 [INFO] DbMcusAds:53 - JSON generation date=Tue Jul 08 05:14:23 ADT 2025 (1751962463582)
2025-09-02 19:44:27,767 [FATAL] Updater:351 - Updater called before beeing initialized
2025-09-02 19:44:27,793 [WARN] DetailPanel:346 - Failed to get advertising image, set to default
2025-09-02 19:44:27,869 [FATAL] Updater:351 - Updater called before beeing initialized
2025-09-02 19:44:27,872 [FATAL] Updater:351 - Updater called before beeing initialized
2025-09-02 19:44:27,872 [FATAL] Updater:351 - Updater called before beeing initialized
2025-09-02 19:44:27,872 [WARN] DetailPanel:346 - Failed to get advertising image, set to default
2025-09-02 19:44:27,873 [FATAL] Updater:351 - Updater called before beeing initialized
2025-09-02 19:44:27,901 [ERROR] Updater:1198 - MainUpdater not yet initialized. External WinMGr cannot be set.
2025-09-02 19:44:27,903 [INFO] Updater:1134 - Updater Version found : 6.15.0
2025-09-02 19:44:27,916 [INFO] ApplicationProperties:184 - Using Application install path: C:\ST\STM32CubeIDE_1.19.0\STM32CubeIDE\plugins\com.st.stm32cube.common.mx_6.15.0.202507011659
2025-09-02 19:44:29,508 [ERROR] LogOutputStream:75 - [STDERR_REDIRECT] Sep 02, 2025 7:44:29 PM java.util.prefs.WindowsPreferences <init>
2025-09-02 19:44:29,514 [ERROR] LogOutputStream:75 - [STDERR_REDIRECT] WARNING: Could not open/create prefs root node Software\JavaSoft\Prefs at root 0xffffffff80000002. Windows RegCreateKeyEx(...) returned error code 5.
2025-09-02 19:44:29,515 [ERROR] LogOutputStream:75 - [STDERR_REDIRECT] 
2025-09-02 19:44:29,727 [INFO] ThirdPartyUpdaterWithRetryManager:70 - Updater plugin not ready yet. [2/15]
2025-09-02 19:44:29,951 [INFO] MainUpdater:2872 - connection check result : 10
2025-09-02 19:44:29,954 [INFO] MainUpdater:289 - Updater Check For Update Now.
2025-09-02 19:44:29,955 [INFO] MicroXplorer:498 - Change Database Version : DB.6.0.150
2025-09-02 19:44:29,990 [INFO] McuFinderGlobals:63 - Set McuFinder mode to 2 (CubeIDE integrated)
2025-09-02 19:44:29,996 [INFO] UserAuth:487 - Internet connection configuration mode: 1
2025-09-02 19:44:30,097 [INFO] JxBrowserEngine:152 - Initiate JxBrowser Engine with user profile folder
2025-09-02 19:44:30,227 [INFO] CheckServerUpdateThread:120 - End of CheckServer Thread
2025-09-02 19:44:30,859 [INFO] WebApp:169 - Instantiating new browser for Auth
2025-09-02 19:44:31,471 [INFO] WebApp:463 - Apply proxy settings
2025-09-02 19:44:31,471 [INFO] WebApp:548 - Chromium requires no authentication
2025-09-02 19:44:31,478 [INFO] WebApp:491 - Direct internet connection detected
2025-09-02 19:44:31,496 [INFO] WebApp:900 - Register for checkConnection events
2025-09-02 19:44:31,497 [INFO] WebApp:463 - Apply proxy settings
2025-09-02 19:44:31,497 [INFO] WebApp:548 - Chromium requires no authentication
2025-09-02 19:44:31,497 [INFO] WebApp:491 - Direct internet connection detected
2025-09-02 19:44:31,674 [INFO] WebApp:225 - Starting web application
2025-09-02 19:44:31,674 [INFO] WebApp:593 - Web application path used C:\ST\STM32CubeIDE_1.19.0\STM32CubeIDE\plugins\com.st.stm32cube.common.mx_6.15.0.202507011659\db\plugins\mcufinder\reactClient1\index.html
2025-09-02 19:44:31,774 [INFO] UserAuth:487 - Internet connection configuration mode: 1
2025-09-02 19:44:32,415 [INFO] WebApp:191 - Connection restablished
